<?xml version="1.0" encoding="UTF-8" ?>
<testsuites disabled="0" errors="0" failures="1" tests="1" time="2.942">
 <testsuite name="Enter GURU99 Name" timestamp="2018-12-30T13:22:56" hostname="localhost" time="2.942" errors="0" tests="1" skipped="0" disabled="0" failures="1">
  <testcase classname="Enter GURU99 Name" name="should add a Name as GURU99" time="2.94">
   <failure type="toEqual" message="Expected &apos;Hello GURU99!&apos; to equal &apos;Hello change GURU99!&apos;."><![CDATA[Error: Failed expectation
    at UserContext.<anonymous> (C:\Users\Yuliia\Documents\GitHub\ProtractorTest\spec.js:6:27)
    at C:\Users\Yuliia\AppData\Roaming\npm\node_modules\protractor\node_modules\jasminewd2\index.js:112:25
    at new ManagedPromise (C:\Users\Yuliia\AppData\Roaming\npm\node_modules\protractor\node_modules\selenium-webdriver\lib\promise.js:1077:7)
    at ControlFlow.promise (C:\Users\Yuliia\AppData\Roaming\npm\node_modules\protractor\node_modules\selenium-webdriver\lib\promise.js:2505:12)
    at schedulerExecute (C:\Users\Yuliia\AppData\Roaming\npm\node_modules\protractor\node_modules\jasminewd2\index.js:95:18)
    at TaskQueue.execute_ (C:\Users\Yuliia\AppData\Roaming\npm\node_modules\protractor\node_modules\selenium-webdriver\lib\promise.js:3084:14)
    at TaskQueue.executeNext_ (C:\Users\Yuliia\AppData\Roaming\npm\node_modules\protractor\node_modules\selenium-webdriver\lib\promise.js:3067:27)
    at asyncRun (C:\Users\Yuliia\AppData\Roaming\npm\node_modules\protractor\node_modules\selenium-webdriver\lib\promise.js:2974:25)
    at C:\Users\Yuliia\AppData\Roaming\npm\node_modules\protractor\node_modules\selenium-webdriver\lib\promise.js:668:7]]>
   </failure>
  </testcase>
 </testsuite>
</testsuites>