<?xml version="1.0" encoding="UTF-8" ?>
<testsuites disabled="0" errors="0" failures="0" tests="1" time="2.648">
 <testsuite name="Enter GURU99 Name" timestamp="2018-12-30T13:26:25" hostname="localhost" time="2.648" errors="0" tests="1" skipped="0" disabled="0" failures="0">
  <testcase classname="Enter GURU99 Name" name="should add a Name as GURU99" time="2.647" />
 </testsuite>
</testsuites>