<?xml version="1.0" encoding="UTF-8" ?>
<testsuites disabled="0" errors="0" failures="0" tests="1" time="11.584">
 <testsuite name="Rydoo title" timestamp="2019-01-03T13:29:30" hostname="localhost" time="11.584" errors="0" tests="1" skipped="0" disabled="0" failures="0">
  <testcase classname="Rydoo title" name="should have a title" time="11.584" />
 </testsuite>
</testsuites>